[2020-12-31T13:36:31,353+05:30] [background-preinit] INFO org.hibernate.validator.internal.util.Version - HV000001: Hibernate Validator 6.1.6.Final
[2020-12-31T13:36:31,357+05:30] [restartedMain] INFO com.wiley.resultcontext.SpringDataEnversAuditApplication - Starting SpringDataEnversAuditApplication using Java 13.0.2 on ZSRIL-H27M353 with PID 1852 (C:\SoftwareDevelopment\EPLAS\TestProjects\spring-data-envers-audit-master\target\classes started by jmaduranga in C:\SoftwareDevelopment\EPLAS\TestProjects\spring-data-envers-audit-master)
[2020-12-31T13:36:31,358+05:30] [restartedMain] INFO com.wiley.resultcontext.SpringDataEnversAuditApplication - No active profile set, falling back to default profiles: default
[2020-12-31T13:36:31,395+05:30] [restartedMain] INFO org.springframework.boot.devtools.env.DevToolsPropertyDefaultsPostProcessor - Devtools property defaults active! Set 'spring.devtools.add-properties' to 'false' to disable
[2020-12-31T13:36:31,395+05:30] [restartedMain] INFO org.springframework.boot.devtools.env.DevToolsPropertyDefaultsPostProcessor - For additional web related logging consider setting the 'logging.level.web' property to 'DEBUG'
[2020-12-31T13:36:32,266+05:30] [restartedMain] INFO org.springframework.data.repository.config.RepositoryConfigurationDelegate - Bootstrapping Spring Data JPA repositories in DEFAULT mode.
[2020-12-31T13:36:32,299+05:30] [restartedMain] INFO org.springframework.data.repository.config.RepositoryConfigurationDelegate - Finished Spring Data repository scanning in 29 ms. Found 3 JPA repository interfaces.
[2020-12-31T13:36:32,965+05:30] [restartedMain] INFO org.ehcache.core.EhcacheManager - Cache 'buckets' created in EhcacheManager.
[2020-12-31T13:36:32,977+05:30] [restartedMain] INFO org.ehcache.jsr107.Eh107CacheManager - Registering Ehcache MBean javax.cache:type=CacheStatistics,CacheManager=file./C./SoftwareDevelopment/EPLAS/TestProjects/spring-data-envers-audit-master/target/classes/ehcache.xml,Cache=buckets
[2020-12-31T13:36:33,003+05:30] [restartedMain] INFO com.giffing.bucket4j.spring.boot.starter.config.servlet.Bucket4JAutoConfigurationServletFilter - create-servlet-filter;1;buckets;/api/.*
[2020-12-31T13:36:33,106+05:30] [restartedMain] INFO org.springframework.boot.web.embedded.tomcat.TomcatWebServer - Tomcat initialized with port(s): 9090 (http)
[2020-12-31T13:36:33,112+05:30] [restartedMain] INFO org.apache.coyote.http11.Http11NioProtocol - Initializing ProtocolHandler ["http-nio-9090"]
[2020-12-31T13:36:33,112+05:30] [restartedMain] INFO org.apache.catalina.core.StandardService - Starting service [Tomcat]
[2020-12-31T13:36:33,112+05:30] [restartedMain] INFO org.apache.catalina.core.StandardEngine - Starting Servlet engine: [Apache Tomcat/9.0.41]
[2020-12-31T13:36:33,178+05:30] [restartedMain] INFO org.apache.catalina.core.ContainerBase.[Tomcat].[localhost].[/] - Initializing Spring embedded WebApplicationContext
[2020-12-31T13:36:33,178+05:30] [restartedMain] INFO org.springframework.boot.web.servlet.context.ServletWebServerApplicationContext - Root WebApplicationContext: initialization completed in 1782 ms
[2020-12-31T13:36:33,276+05:30] [restartedMain] INFO com.zaxxer.hikari.HikariDataSource - HikariPool-1 - Starting...
[2020-12-31T13:36:33,344+05:30] [restartedMain] INFO com.zaxxer.hikari.HikariDataSource - HikariPool-1 - Start completed.
[2020-12-31T13:36:33,348+05:30] [restartedMain] INFO org.springframework.boot.autoconfigure.h2.H2ConsoleAutoConfiguration - H2 console available at '/h2-console'. Database available at 'jdbc:h2:mem:mytestdb'
[2020-12-31T13:36:33,412+05:30] [restartedMain] INFO org.ehcache.jsr107.Eh107CacheManager - Registering Ehcache MBean javax.cache:type=CacheStatistics,CacheManager=file./C./SoftwareDevelopment/EPLAS/TestProjects/spring-data-envers-audit-master/target/classes/ehcache.xml,Cache=buckets
[2020-12-31T13:36:33,452+05:30] [restartedMain] INFO org.hibernate.jpa.internal.util.LogHelper - HHH000204: Processing PersistenceUnitInfo [name: default]
[2020-12-31T13:36:33,485+05:30] [restartedMain] INFO org.hibernate.Version - HHH000412: Hibernate ORM core version 5.4.25.Final
[2020-12-31T13:36:33,552+05:30] [restartedMain] INFO org.hibernate.annotations.common.Version - HCANN000001: Hibernate Commons Annotations {5.1.2.Final}
[2020-12-31T13:36:33,612+05:30] [restartedMain] INFO org.hibernate.dialect.Dialect - HHH000400: Using dialect: org.hibernate.dialect.H2Dialect
[2020-12-31T13:36:33,656+05:30] [restartedMain] INFO org.hibernate.envers.boot.internal.EnversServiceImpl - Envers integration enabled? : true
[2020-12-31T13:36:34,278+05:30] [restartedMain] INFO org.hibernate.engine.transaction.jta.platform.internal.JtaPlatformInitiator - HHH000490: Using JtaPlatform implementation: [org.hibernate.engine.transaction.jta.platform.internal.NoJtaPlatform]
[2020-12-31T13:36:34,283+05:30] [restartedMain] INFO org.springframework.orm.jpa.LocalContainerEntityManagerFactoryBean - Initialized JPA EntityManagerFactory for persistence unit 'default'
[2020-12-31T13:36:34,310+05:30] [restartedMain] INFO org.springframework.boot.devtools.autoconfigure.OptionalLiveReloadServer - LiveReload server is running on port 35729
[2020-12-31T13:36:34,739+05:30] [restartedMain] WARN org.springframework.boot.autoconfigure.orm.jpa.JpaBaseConfiguration$JpaWebConfiguration - spring.jpa.open-in-view is enabled by default. Therefore, database queries may be performed during view rendering. Explicitly configure spring.jpa.open-in-view to disable this warning
[2020-12-31T13:36:34,864+05:30] [restartedMain] INFO org.springframework.boot.actuate.endpoint.web.EndpointLinksResolver - Exposing 2 endpoint(s) beneath base path '/actuator'
[2020-12-31T13:36:34,992+05:30] [restartedMain] INFO org.springframework.scheduling.concurrent.ThreadPoolTaskExecutor - Initializing ExecutorService 'applicationTaskExecutor'
[2020-12-31T13:36:35,220+05:30] [restartedMain] INFO org.apache.kafka.clients.consumer.ConsumerConfig - ConsumerConfig values: 
	allow.auto.create.topics = true
	auto.commit.interval.ms = 5000
	auto.offset.reset = earliest
	bootstrap.servers = [localhost:9092]
	check.crcs = true
	client.dns.lookup = use_all_dns_ips
	client.id = consumer-testgroup-id-1
	client.rack = 
	connections.max.idle.ms = 540000
	default.api.timeout.ms = 60000
	enable.auto.commit = false
	exclude.internal.topics = true
	fetch.max.bytes = 52428800
	fetch.max.wait.ms = 500
	fetch.min.bytes = 1
	group.id = testgroup-id
	group.instance.id = null
	heartbeat.interval.ms = 5000
	interceptor.classes = []
	internal.leave.group.on.close = true
	internal.throw.on.fetch.stable.offset.unsupported = false
	isolation.level = read_uncommitted
	key.deserializer = class org.apache.kafka.common.serialization.StringDeserializer
	max.partition.fetch.bytes = 1048576
	max.poll.interval.ms = 7000
	max.poll.records = 1
	metadata.max.age.ms = 300000
	metric.reporters = []
	metrics.num.samples = 2
	metrics.recording.level = INFO
	metrics.sample.window.ms = 30000
	partition.assignment.strategy = [class org.apache.kafka.clients.consumer.RangeAssignor]
	receive.buffer.bytes = 65536
	reconnect.backoff.max.ms = 1000
	reconnect.backoff.ms = 50
	request.timeout.ms = 30000
	retry.backoff.ms = 100
	sasl.client.callback.handler.class = null
	sasl.jaas.config = null
	sasl.kerberos.kinit.cmd = /usr/bin/kinit
	sasl.kerberos.min.time.before.relogin = 60000
	sasl.kerberos.service.name = null
	sasl.kerberos.ticket.renew.jitter = 0.05
	sasl.kerberos.ticket.renew.window.factor = 0.8
	sasl.login.callback.handler.class = null
	sasl.login.class = null
	sasl.login.refresh.buffer.seconds = 300
	sasl.login.refresh.min.period.seconds = 60
	sasl.login.refresh.window.factor = 0.8
	sasl.login.refresh.window.jitter = 0.05
	sasl.mechanism = GSSAPI
	security.protocol = PLAINTEXT
	security.providers = null
	send.buffer.bytes = 131072
	session.timeout.ms = 15000
	ssl.cipher.suites = null
	ssl.enabled.protocols = [TLSv1.2, TLSv1.3]
	ssl.endpoint.identification.algorithm = https
	ssl.engine.factory.class = null
	ssl.key.password = null
	ssl.keymanager.algorithm = SunX509
	ssl.keystore.location = null
	ssl.keystore.password = null
	ssl.keystore.type = JKS
	ssl.protocol = TLSv1.3
	ssl.provider = null
	ssl.secure.random.implementation = null
	ssl.trustmanager.algorithm = PKIX
	ssl.truststore.location = null
	ssl.truststore.password = null
	ssl.truststore.type = JKS
	value.deserializer = class org.springframework.kafka.support.serializer.JsonDeserializer

[2020-12-31T13:36:35,389+05:30] [restartedMain] INFO org.apache.kafka.common.utils.AppInfoParser - Kafka version: 2.6.0
[2020-12-31T13:36:35,389+05:30] [restartedMain] INFO org.apache.kafka.common.utils.AppInfoParser - Kafka commitId: 62abe01bee039651
[2020-12-31T13:36:35,389+05:30] [restartedMain] INFO org.apache.kafka.common.utils.AppInfoParser - Kafka startTimeMs: 1609401995389
[2020-12-31T13:36:35,389+05:30] [restartedMain] INFO org.apache.kafka.clients.consumer.KafkaConsumer - [Consumer clientId=consumer-testgroup-id-1, groupId=testgroup-id] Subscribed to topic(s): progresstopic
[2020-12-31T13:36:35,404+05:30] [restartedMain] INFO org.springframework.scheduling.concurrent.ThreadPoolTaskScheduler - Initializing ExecutorService
[2020-12-31T13:36:35,404+05:30] [restartedMain] INFO org.apache.kafka.clients.consumer.ConsumerConfig - ConsumerConfig values: 
	allow.auto.create.topics = true
	auto.commit.interval.ms = 5000
	auto.offset.reset = earliest
	bootstrap.servers = [localhost:9092]
	check.crcs = true
	client.dns.lookup = use_all_dns_ips
	client.id = consumer-testgroup-id-2
	client.rack = 
	connections.max.idle.ms = 540000
	default.api.timeout.ms = 60000
	enable.auto.commit = false
	exclude.internal.topics = true
	fetch.max.bytes = 52428800
	fetch.max.wait.ms = 500
	fetch.min.bytes = 1
	group.id = testgroup-id
	group.instance.id = null
	heartbeat.interval.ms = 5000
	interceptor.classes = []
	internal.leave.group.on.close = true
	internal.throw.on.fetch.stable.offset.unsupported = false
	isolation.level = read_uncommitted
	key.deserializer = class org.apache.kafka.common.serialization.StringDeserializer
	max.partition.fetch.bytes = 1048576
	max.poll.interval.ms = 7000
	max.poll.records = 1
	metadata.max.age.ms = 300000
	metric.reporters = []
	metrics.num.samples = 2
	metrics.recording.level = INFO
	metrics.sample.window.ms = 30000
	partition.assignment.strategy = [class org.apache.kafka.clients.consumer.RangeAssignor]
	receive.buffer.bytes = 65536
	reconnect.backoff.max.ms = 1000
	reconnect.backoff.ms = 50
	request.timeout.ms = 30000
	retry.backoff.ms = 100
	sasl.client.callback.handler.class = null
	sasl.jaas.config = null
	sasl.kerberos.kinit.cmd = /usr/bin/kinit
	sasl.kerberos.min.time.before.relogin = 60000
	sasl.kerberos.service.name = null
	sasl.kerberos.ticket.renew.jitter = 0.05
	sasl.kerberos.ticket.renew.window.factor = 0.8
	sasl.login.callback.handler.class = null
	sasl.login.class = null
	sasl.login.refresh.buffer.seconds = 300
	sasl.login.refresh.min.period.seconds = 60
	sasl.login.refresh.window.factor = 0.8
	sasl.login.refresh.window.jitter = 0.05
	sasl.mechanism = GSSAPI
	security.protocol = PLAINTEXT
	security.providers = null
	send.buffer.bytes = 131072
	session.timeout.ms = 15000
	ssl.cipher.suites = null
	ssl.enabled.protocols = [TLSv1.2, TLSv1.3]
	ssl.endpoint.identification.algorithm = https
	ssl.engine.factory.class = null
	ssl.key.password = null
	ssl.keymanager.algorithm = SunX509
	ssl.keystore.location = null
	ssl.keystore.password = null
	ssl.keystore.type = JKS
	ssl.protocol = TLSv1.3
	ssl.provider = null
	ssl.secure.random.implementation = null
	ssl.trustmanager.algorithm = PKIX
	ssl.truststore.location = null
	ssl.truststore.password = null
	ssl.truststore.type = JKS
	value.deserializer = class org.springframework.kafka.support.serializer.JsonDeserializer

[2020-12-31T13:36:35,404+05:30] [restartedMain] INFO org.apache.kafka.common.utils.AppInfoParser - Kafka version: 2.6.0
[2020-12-31T13:36:35,404+05:30] [restartedMain] INFO org.apache.kafka.common.utils.AppInfoParser - Kafka commitId: 62abe01bee039651
[2020-12-31T13:36:35,404+05:30] [restartedMain] INFO org.apache.kafka.common.utils.AppInfoParser - Kafka startTimeMs: 1609401995404
[2020-12-31T13:36:35,404+05:30] [restartedMain] INFO org.apache.kafka.clients.consumer.KafkaConsumer - [Consumer clientId=consumer-testgroup-id-2, groupId=testgroup-id] Subscribed to topic(s): progresstopic
[2020-12-31T13:36:35,404+05:30] [restartedMain] INFO org.springframework.scheduling.concurrent.ThreadPoolTaskScheduler - Initializing ExecutorService
[2020-12-31T13:36:35,404+05:30] [restartedMain] INFO org.apache.coyote.http11.Http11NioProtocol - Starting ProtocolHandler ["http-nio-9090"]
[2020-12-31T13:36:35,420+05:30] [restartedMain] INFO org.springframework.boot.web.embedded.tomcat.TomcatWebServer - Tomcat started on port(s): 9090 (http) with context path ''
[2020-12-31T13:36:35,558+05:30] [org.springframework.kafka.KafkaListenerEndpointContainer#0-0-C-1] INFO org.apache.kafka.clients.Metadata - [Consumer clientId=consumer-testgroup-id-1, groupId=testgroup-id] Cluster ID: WmUFSUPWRNq1U1h9v9p-3A
[2020-12-31T13:36:35,558+05:30] [org.springframework.kafka.KafkaListenerEndpointContainer#0-1-C-1] INFO org.apache.kafka.clients.Metadata - [Consumer clientId=consumer-testgroup-id-2, groupId=testgroup-id] Cluster ID: WmUFSUPWRNq1U1h9v9p-3A
[2020-12-31T13:36:35,558+05:30] [org.springframework.kafka.KafkaListenerEndpointContainer#0-1-C-1] INFO org.apache.kafka.clients.consumer.internals.AbstractCoordinator - [Consumer clientId=consumer-testgroup-id-2, groupId=testgroup-id] Discovered group coordinator ZSRIL-H27M353:9092 (id: 2147483647 rack: null)
[2020-12-31T13:36:35,558+05:30] [org.springframework.kafka.KafkaListenerEndpointContainer#0-0-C-1] INFO org.apache.kafka.clients.consumer.internals.AbstractCoordinator - [Consumer clientId=consumer-testgroup-id-1, groupId=testgroup-id] Discovered group coordinator ZSRIL-H27M353:9092 (id: 2147483647 rack: null)
[2020-12-31T13:36:35,574+05:30] [org.springframework.kafka.KafkaListenerEndpointContainer#0-1-C-1] INFO org.apache.kafka.clients.consumer.internals.AbstractCoordinator - [Consumer clientId=consumer-testgroup-id-2, groupId=testgroup-id] (Re-)joining group
[2020-12-31T13:36:35,574+05:30] [org.springframework.kafka.KafkaListenerEndpointContainer#0-0-C-1] INFO org.apache.kafka.clients.consumer.internals.AbstractCoordinator - [Consumer clientId=consumer-testgroup-id-1, groupId=testgroup-id] (Re-)joining group
[2020-12-31T13:36:35,574+05:30] [org.springframework.kafka.KafkaListenerEndpointContainer#0-1-C-1] INFO org.apache.kafka.clients.consumer.internals.AbstractCoordinator - [Consumer clientId=consumer-testgroup-id-2, groupId=testgroup-id] Join group failed with org.apache.kafka.common.errors.MemberIdRequiredException: The group member needs to have a valid member id before actually entering a consumer group.
[2020-12-31T13:36:35,574+05:30] [org.springframework.kafka.KafkaListenerEndpointContainer#0-1-C-1] INFO org.apache.kafka.clients.consumer.internals.AbstractCoordinator - [Consumer clientId=consumer-testgroup-id-2, groupId=testgroup-id] (Re-)joining group
[2020-12-31T13:36:35,574+05:30] [org.springframework.kafka.KafkaListenerEndpointContainer#0-0-C-1] INFO org.apache.kafka.clients.consumer.internals.AbstractCoordinator - [Consumer clientId=consumer-testgroup-id-1, groupId=testgroup-id] Join group failed with org.apache.kafka.common.errors.MemberIdRequiredException: The group member needs to have a valid member id before actually entering a consumer group.
[2020-12-31T13:36:35,574+05:30] [org.springframework.kafka.KafkaListenerEndpointContainer#0-0-C-1] INFO org.apache.kafka.clients.consumer.internals.AbstractCoordinator - [Consumer clientId=consumer-testgroup-id-1, groupId=testgroup-id] (Re-)joining group
[2020-12-31T13:36:35,589+05:30] [org.springframework.kafka.KafkaListenerEndpointContainer#0-0-C-1] INFO org.apache.kafka.clients.consumer.internals.ConsumerCoordinator - [Consumer clientId=consumer-testgroup-id-1, groupId=testgroup-id] Finished assignment for group at generation 24: {consumer-testgroup-id-1-115db538-a9ca-420c-9779-d46ebf40d0a4=Assignment(partitions=[progresstopic-0]), consumer-testgroup-id-2-06d44d6c-2583-4c09-b198-c8f890d9a0d5=Assignment(partitions=[progresstopic-1])}
[2020-12-31T13:36:35,589+05:30] [org.springframework.kafka.KafkaListenerEndpointContainer#0-1-C-1] INFO org.apache.kafka.clients.consumer.internals.AbstractCoordinator - [Consumer clientId=consumer-testgroup-id-2, groupId=testgroup-id] Successfully joined group with generation 24
[2020-12-31T13:36:35,589+05:30] [org.springframework.kafka.KafkaListenerEndpointContainer#0-0-C-1] INFO org.apache.kafka.clients.consumer.internals.AbstractCoordinator - [Consumer clientId=consumer-testgroup-id-1, groupId=testgroup-id] Successfully joined group with generation 24
[2020-12-31T13:36:35,589+05:30] [org.springframework.kafka.KafkaListenerEndpointContainer#0-1-C-1] INFO org.apache.kafka.clients.consumer.internals.ConsumerCoordinator - [Consumer clientId=consumer-testgroup-id-2, groupId=testgroup-id] Notifying assignor about the new Assignment(partitions=[progresstopic-1])
[2020-12-31T13:36:35,589+05:30] [org.springframework.kafka.KafkaListenerEndpointContainer#0-0-C-1] INFO org.apache.kafka.clients.consumer.internals.ConsumerCoordinator - [Consumer clientId=consumer-testgroup-id-1, groupId=testgroup-id] Notifying assignor about the new Assignment(partitions=[progresstopic-0])
[2020-12-31T13:36:35,589+05:30] [org.springframework.kafka.KafkaListenerEndpointContainer#0-1-C-1] INFO org.apache.kafka.clients.consumer.internals.ConsumerCoordinator - [Consumer clientId=consumer-testgroup-id-2, groupId=testgroup-id] Adding newly assigned partitions: progresstopic-1
[2020-12-31T13:36:35,589+05:30] [org.springframework.kafka.KafkaListenerEndpointContainer#0-0-C-1] INFO org.apache.kafka.clients.consumer.internals.ConsumerCoordinator - [Consumer clientId=consumer-testgroup-id-1, groupId=testgroup-id] Adding newly assigned partitions: progresstopic-0
[2020-12-31T13:36:35,589+05:30] [org.springframework.kafka.KafkaListenerEndpointContainer#0-0-C-1] INFO org.apache.kafka.clients.consumer.internals.ConsumerCoordinator - [Consumer clientId=consumer-testgroup-id-1, groupId=testgroup-id] Setting offset for partition progresstopic-0 to the committed offset FetchPosition{offset=38, offsetEpoch=Optional.empty, currentLeader=LeaderAndEpoch{leader=Optional[ZSRIL-H27M353:9092 (id: 0 rack: null)], epoch=0}}
[2020-12-31T13:36:35,589+05:30] [org.springframework.kafka.KafkaListenerEndpointContainer#0-1-C-1] INFO org.apache.kafka.clients.consumer.internals.ConsumerCoordinator - [Consumer clientId=consumer-testgroup-id-2, groupId=testgroup-id] Setting offset for partition progresstopic-1 to the committed offset FetchPosition{offset=42, offsetEpoch=Optional.empty, currentLeader=LeaderAndEpoch{leader=Optional[ZSRIL-H27M353:9092 (id: 0 rack: null)], epoch=0}}
[2020-12-31T13:36:35,589+05:30] [org.springframework.kafka.KafkaListenerEndpointContainer#0-0-C-1] INFO org.springframework.kafka.listener.KafkaMessageListenerContainer - testgroup-id: partitions assigned: [progresstopic-0]
[2020-12-31T13:36:35,589+05:30] [org.springframework.kafka.KafkaListenerEndpointContainer#0-1-C-1] INFO org.springframework.kafka.listener.KafkaMessageListenerContainer - testgroup-id: partitions assigned: [progresstopic-1]
[2020-12-31T13:36:35,636+05:30] [restartedMain] INFO com.wiley.resultcontext.SpringDataEnversAuditApplication - Started SpringDataEnversAuditApplication in 4.542 seconds (JVM running for 5.294)
[2020-12-31T13:36:35,952+05:30] [RMI TCP Connection(1)-192.168.1.4] INFO org.apache.catalina.core.ContainerBase.[Tomcat].[localhost].[/] - Initializing Spring DispatcherServlet 'dispatcherServlet'
[2020-12-31T13:36:35,952+05:30] [RMI TCP Connection(1)-192.168.1.4] INFO org.springframework.web.servlet.DispatcherServlet - Initializing Servlet 'dispatcherServlet'
[2020-12-31T13:36:35,952+05:30] [RMI TCP Connection(1)-192.168.1.4] INFO org.springframework.web.servlet.DispatcherServlet - Completed initialization in 0 ms
[2020-12-31T13:37:22,900+05:30] [background-preinit] INFO org.hibernate.validator.internal.util.Version - HV000001: Hibernate Validator 6.1.6.Final
[2020-12-31T13:37:22,903+05:30] [restartedMain] INFO com.wiley.resultcontext.SpringDataEnversAuditApplication - Starting SpringDataEnversAuditApplication using Java 13.0.2 on ZSRIL-H27M353 with PID 5568 (C:\SoftwareDevelopment\EPLAS\TestProjects\spring-data-envers-audit-master\target\classes started by jmaduranga in C:\SoftwareDevelopment\EPLAS\TestProjects\spring-data-envers-audit-master)
[2020-12-31T13:37:22,904+05:30] [restartedMain] INFO com.wiley.resultcontext.SpringDataEnversAuditApplication - No active profile set, falling back to default profiles: default
[2020-12-31T13:37:22,953+05:30] [restartedMain] INFO org.springframework.boot.devtools.env.DevToolsPropertyDefaultsPostProcessor - Devtools property defaults active! Set 'spring.devtools.add-properties' to 'false' to disable
[2020-12-31T13:37:22,953+05:30] [restartedMain] INFO org.springframework.boot.devtools.env.DevToolsPropertyDefaultsPostProcessor - For additional web related logging consider setting the 'logging.level.web' property to 'DEBUG'
[2020-12-31T13:37:23,841+05:30] [restartedMain] INFO org.springframework.data.repository.config.RepositoryConfigurationDelegate - Bootstrapping Spring Data JPA repositories in DEFAULT mode.
[2020-12-31T13:37:23,875+05:30] [restartedMain] INFO org.springframework.data.repository.config.RepositoryConfigurationDelegate - Finished Spring Data repository scanning in 30 ms. Found 3 JPA repository interfaces.
[2020-12-31T13:37:24,490+05:30] [restartedMain] INFO org.ehcache.core.EhcacheManager - Cache 'buckets' created in EhcacheManager.
[2020-12-31T13:37:24,503+05:30] [restartedMain] INFO org.ehcache.jsr107.Eh107CacheManager - Registering Ehcache MBean javax.cache:type=CacheStatistics,CacheManager=file./C./SoftwareDevelopment/EPLAS/TestProjects/spring-data-envers-audit-master/target/classes/ehcache.xml,Cache=buckets
[2020-12-31T13:37:24,530+05:30] [restartedMain] INFO com.giffing.bucket4j.spring.boot.starter.config.servlet.Bucket4JAutoConfigurationServletFilter - create-servlet-filter;1;buckets;/api/.*
[2020-12-31T13:37:24,629+05:30] [restartedMain] INFO org.springframework.boot.web.embedded.tomcat.TomcatWebServer - Tomcat initialized with port(s): 9090 (http)
[2020-12-31T13:37:24,634+05:30] [restartedMain] INFO org.apache.coyote.http11.Http11NioProtocol - Initializing ProtocolHandler ["http-nio-9090"]
[2020-12-31T13:37:24,635+05:30] [restartedMain] INFO org.apache.catalina.core.StandardService - Starting service [Tomcat]
[2020-12-31T13:37:24,635+05:30] [restartedMain] INFO org.apache.catalina.core.StandardEngine - Starting Servlet engine: [Apache Tomcat/9.0.41]
[2020-12-31T13:37:24,695+05:30] [restartedMain] INFO org.apache.catalina.core.ContainerBase.[Tomcat].[localhost].[/] - Initializing Spring embedded WebApplicationContext
[2020-12-31T13:37:24,695+05:30] [restartedMain] INFO org.springframework.boot.web.servlet.context.ServletWebServerApplicationContext - Root WebApplicationContext: initialization completed in 1741 ms
[2020-12-31T13:37:24,767+05:30] [restartedMain] INFO com.zaxxer.hikari.HikariDataSource - HikariPool-1 - Starting...
[2020-12-31T13:37:24,823+05:30] [restartedMain] INFO com.zaxxer.hikari.HikariDataSource - HikariPool-1 - Start completed.
[2020-12-31T13:37:24,826+05:30] [restartedMain] INFO org.springframework.boot.autoconfigure.h2.H2ConsoleAutoConfiguration - H2 console available at '/h2-console'. Database available at 'jdbc:h2:mem:mytestdb'
[2020-12-31T13:37:24,881+05:30] [restartedMain] INFO org.ehcache.jsr107.Eh107CacheManager - Registering Ehcache MBean javax.cache:type=CacheStatistics,CacheManager=file./C./SoftwareDevelopment/EPLAS/TestProjects/spring-data-envers-audit-master/target/classes/ehcache.xml,Cache=buckets
[2020-12-31T13:37:24,917+05:30] [restartedMain] INFO org.hibernate.jpa.internal.util.LogHelper - HHH000204: Processing PersistenceUnitInfo [name: default]
[2020-12-31T13:37:24,951+05:30] [restartedMain] INFO org.hibernate.Version - HHH000412: Hibernate ORM core version 5.4.25.Final
[2020-12-31T13:37:25,010+05:30] [restartedMain] INFO org.hibernate.annotations.common.Version - HCANN000001: Hibernate Commons Annotations {5.1.2.Final}
[2020-12-31T13:37:25,066+05:30] [restartedMain] INFO org.hibernate.dialect.Dialect - HHH000400: Using dialect: org.hibernate.dialect.H2Dialect
[2020-12-31T13:37:25,104+05:30] [restartedMain] INFO org.hibernate.envers.boot.internal.EnversServiceImpl - Envers integration enabled? : true
[2020-12-31T13:37:25,720+05:30] [restartedMain] INFO org.hibernate.engine.transaction.jta.platform.internal.JtaPlatformInitiator - HHH000490: Using JtaPlatform implementation: [org.hibernate.engine.transaction.jta.platform.internal.NoJtaPlatform]
[2020-12-31T13:37:25,725+05:30] [restartedMain] INFO org.springframework.orm.jpa.LocalContainerEntityManagerFactoryBean - Initialized JPA EntityManagerFactory for persistence unit 'default'
[2020-12-31T13:37:25,751+05:30] [restartedMain] INFO org.springframework.boot.devtools.autoconfigure.OptionalLiveReloadServer - LiveReload server is running on port 35729
[2020-12-31T13:37:26,163+05:30] [restartedMain] WARN org.springframework.boot.autoconfigure.orm.jpa.JpaBaseConfiguration$JpaWebConfiguration - spring.jpa.open-in-view is enabled by default. Therefore, database queries may be performed during view rendering. Explicitly configure spring.jpa.open-in-view to disable this warning
[2020-12-31T13:37:26,289+05:30] [restartedMain] INFO org.springframework.boot.actuate.endpoint.web.EndpointLinksResolver - Exposing 2 endpoint(s) beneath base path '/actuator'
[2020-12-31T13:37:26,418+05:30] [restartedMain] INFO org.springframework.scheduling.concurrent.ThreadPoolTaskExecutor - Initializing ExecutorService 'applicationTaskExecutor'
[2020-12-31T13:37:26,645+05:30] [restartedMain] INFO org.apache.kafka.clients.consumer.ConsumerConfig - ConsumerConfig values: 
	allow.auto.create.topics = true
	auto.commit.interval.ms = 5000
	auto.offset.reset = earliest
	bootstrap.servers = [localhost:9092]
	check.crcs = true
	client.dns.lookup = use_all_dns_ips
	client.id = consumer-testgroup-id-1
	client.rack = 
	connections.max.idle.ms = 540000
	default.api.timeout.ms = 60000
	enable.auto.commit = false
	exclude.internal.topics = true
	fetch.max.bytes = 52428800
	fetch.max.wait.ms = 500
	fetch.min.bytes = 1
	group.id = testgroup-id
	group.instance.id = null
	heartbeat.interval.ms = 5000
	interceptor.classes = []
	internal.leave.group.on.close = true
	internal.throw.on.fetch.stable.offset.unsupported = false
	isolation.level = read_uncommitted
	key.deserializer = class org.apache.kafka.common.serialization.StringDeserializer
	max.partition.fetch.bytes = 1048576
	max.poll.interval.ms = 7000
	max.poll.records = 1
	metadata.max.age.ms = 300000
	metric.reporters = []
	metrics.num.samples = 2
	metrics.recording.level = INFO
	metrics.sample.window.ms = 30000
	partition.assignment.strategy = [class org.apache.kafka.clients.consumer.RangeAssignor]
	receive.buffer.bytes = 65536
	reconnect.backoff.max.ms = 1000
	reconnect.backoff.ms = 50
	request.timeout.ms = 30000
	retry.backoff.ms = 100
	sasl.client.callback.handler.class = null
	sasl.jaas.config = null
	sasl.kerberos.kinit.cmd = /usr/bin/kinit
	sasl.kerberos.min.time.before.relogin = 60000
	sasl.kerberos.service.name = null
	sasl.kerberos.ticket.renew.jitter = 0.05
	sasl.kerberos.ticket.renew.window.factor = 0.8
	sasl.login.callback.handler.class = null
	sasl.login.class = null
	sasl.login.refresh.buffer.seconds = 300
	sasl.login.refresh.min.period.seconds = 60
	sasl.login.refresh.window.factor = 0.8
	sasl.login.refresh.window.jitter = 0.05
	sasl.mechanism = GSSAPI
	security.protocol = PLAINTEXT
	security.providers = null
	send.buffer.bytes = 131072
	session.timeout.ms = 15000
	ssl.cipher.suites = null
	ssl.enabled.protocols = [TLSv1.2, TLSv1.3]
	ssl.endpoint.identification.algorithm = https
	ssl.engine.factory.class = null
	ssl.key.password = null
	ssl.keymanager.algorithm = SunX509
	ssl.keystore.location = null
	ssl.keystore.password = null
	ssl.keystore.type = JKS
	ssl.protocol = TLSv1.3
	ssl.provider = null
	ssl.secure.random.implementation = null
	ssl.trustmanager.algorithm = PKIX
	ssl.truststore.location = null
	ssl.truststore.password = null
	ssl.truststore.type = JKS
	value.deserializer = class org.springframework.kafka.support.serializer.JsonDeserializer

[2020-12-31T13:37:26,820+05:30] [restartedMain] INFO org.apache.kafka.common.utils.AppInfoParser - Kafka version: 2.6.0
[2020-12-31T13:37:26,820+05:30] [restartedMain] INFO org.apache.kafka.common.utils.AppInfoParser - Kafka commitId: 62abe01bee039651
[2020-12-31T13:37:26,821+05:30] [restartedMain] INFO org.apache.kafka.common.utils.AppInfoParser - Kafka startTimeMs: 1609402046819
[2020-12-31T13:37:26,822+05:30] [restartedMain] INFO org.apache.kafka.clients.consumer.KafkaConsumer - [Consumer clientId=consumer-testgroup-id-1, groupId=testgroup-id] Subscribed to topic(s): progresstopic
[2020-12-31T13:37:26,825+05:30] [restartedMain] INFO org.springframework.scheduling.concurrent.ThreadPoolTaskScheduler - Initializing ExecutorService
[2020-12-31T13:37:26,830+05:30] [restartedMain] INFO org.apache.kafka.clients.consumer.ConsumerConfig - ConsumerConfig values: 
	allow.auto.create.topics = true
	auto.commit.interval.ms = 5000
	auto.offset.reset = earliest
	bootstrap.servers = [localhost:9092]
	check.crcs = true
	client.dns.lookup = use_all_dns_ips
	client.id = consumer-testgroup-id-2
	client.rack = 
	connections.max.idle.ms = 540000
	default.api.timeout.ms = 60000
	enable.auto.commit = false
	exclude.internal.topics = true
	fetch.max.bytes = 52428800
	fetch.max.wait.ms = 500
	fetch.min.bytes = 1
	group.id = testgroup-id
	group.instance.id = null
	heartbeat.interval.ms = 5000
	interceptor.classes = []
	internal.leave.group.on.close = true
	internal.throw.on.fetch.stable.offset.unsupported = false
	isolation.level = read_uncommitted
	key.deserializer = class org.apache.kafka.common.serialization.StringDeserializer
	max.partition.fetch.bytes = 1048576
	max.poll.interval.ms = 7000
	max.poll.records = 1
	metadata.max.age.ms = 300000
	metric.reporters = []
	metrics.num.samples = 2
	metrics.recording.level = INFO
	metrics.sample.window.ms = 30000
	partition.assignment.strategy = [class org.apache.kafka.clients.consumer.RangeAssignor]
	receive.buffer.bytes = 65536
	reconnect.backoff.max.ms = 1000
	reconnect.backoff.ms = 50
	request.timeout.ms = 30000
	retry.backoff.ms = 100
	sasl.client.callback.handler.class = null
	sasl.jaas.config = null
	sasl.kerberos.kinit.cmd = /usr/bin/kinit
	sasl.kerberos.min.time.before.relogin = 60000
	sasl.kerberos.service.name = null
	sasl.kerberos.ticket.renew.jitter = 0.05
	sasl.kerberos.ticket.renew.window.factor = 0.8
	sasl.login.callback.handler.class = null
	sasl.login.class = null
	sasl.login.refresh.buffer.seconds = 300
	sasl.login.refresh.min.period.seconds = 60
	sasl.login.refresh.window.factor = 0.8
	sasl.login.refresh.window.jitter = 0.05
	sasl.mechanism = GSSAPI
	security.protocol = PLAINTEXT
	security.providers = null
	send.buffer.bytes = 131072
	session.timeout.ms = 15000
	ssl.cipher.suites = null
	ssl.enabled.protocols = [TLSv1.2, TLSv1.3]
	ssl.endpoint.identification.algorithm = https
	ssl.engine.factory.class = null
	ssl.key.password = null
	ssl.keymanager.algorithm = SunX509
	ssl.keystore.location = null
	ssl.keystore.password = null
	ssl.keystore.type = JKS
	ssl.protocol = TLSv1.3
	ssl.provider = null
	ssl.secure.random.implementation = null
	ssl.trustmanager.algorithm = PKIX
	ssl.truststore.location = null
	ssl.truststore.password = null
	ssl.truststore.type = JKS
	value.deserializer = class org.springframework.kafka.support.serializer.JsonDeserializer

[2020-12-31T13:37:26,835+05:30] [restartedMain] INFO org.apache.kafka.common.utils.AppInfoParser - Kafka version: 2.6.0
[2020-12-31T13:37:26,836+05:30] [restartedMain] INFO org.apache.kafka.common.utils.AppInfoParser - Kafka commitId: 62abe01bee039651
[2020-12-31T13:37:26,836+05:30] [restartedMain] INFO org.apache.kafka.common.utils.AppInfoParser - Kafka startTimeMs: 1609402046835
[2020-12-31T13:37:26,836+05:30] [restartedMain] INFO org.apache.kafka.clients.consumer.KafkaConsumer - [Consumer clientId=consumer-testgroup-id-2, groupId=testgroup-id] Subscribed to topic(s): progresstopic
[2020-12-31T13:37:26,836+05:30] [restartedMain] INFO org.springframework.scheduling.concurrent.ThreadPoolTaskScheduler - Initializing ExecutorService
[2020-12-31T13:37:26,838+05:30] [restartedMain] INFO org.apache.coyote.http11.Http11NioProtocol - Starting ProtocolHandler ["http-nio-9090"]
[2020-12-31T13:37:26,845+05:30] [restartedMain] INFO org.springframework.boot.web.embedded.tomcat.TomcatWebServer - Tomcat started on port(s): 9090 (http) with context path ''
[2020-12-31T13:37:26,992+05:30] [org.springframework.kafka.KafkaListenerEndpointContainer#0-0-C-1] INFO org.apache.kafka.clients.Metadata - [Consumer clientId=consumer-testgroup-id-1, groupId=testgroup-id] Cluster ID: WmUFSUPWRNq1U1h9v9p-3A
[2020-12-31T13:37:26,992+05:30] [org.springframework.kafka.KafkaListenerEndpointContainer#0-1-C-1] INFO org.apache.kafka.clients.Metadata - [Consumer clientId=consumer-testgroup-id-2, groupId=testgroup-id] Cluster ID: WmUFSUPWRNq1U1h9v9p-3A
[2020-12-31T13:37:26,993+05:30] [org.springframework.kafka.KafkaListenerEndpointContainer#0-0-C-1] INFO org.apache.kafka.clients.consumer.internals.AbstractCoordinator - [Consumer clientId=consumer-testgroup-id-1, groupId=testgroup-id] Discovered group coordinator ZSRIL-H27M353:9092 (id: 2147483647 rack: null)
[2020-12-31T13:37:26,993+05:30] [org.springframework.kafka.KafkaListenerEndpointContainer#0-1-C-1] INFO org.apache.kafka.clients.consumer.internals.AbstractCoordinator - [Consumer clientId=consumer-testgroup-id-2, groupId=testgroup-id] Discovered group coordinator ZSRIL-H27M353:9092 (id: 2147483647 rack: null)
[2020-12-31T13:37:26,995+05:30] [org.springframework.kafka.KafkaListenerEndpointContainer#0-1-C-1] INFO org.apache.kafka.clients.consumer.internals.AbstractCoordinator - [Consumer clientId=consumer-testgroup-id-2, groupId=testgroup-id] (Re-)joining group
[2020-12-31T13:37:26,996+05:30] [org.springframework.kafka.KafkaListenerEndpointContainer#0-0-C-1] INFO org.apache.kafka.clients.consumer.internals.AbstractCoordinator - [Consumer clientId=consumer-testgroup-id-1, groupId=testgroup-id] (Re-)joining group
[2020-12-31T13:37:27,004+05:30] [org.springframework.kafka.KafkaListenerEndpointContainer#0-1-C-1] INFO org.apache.kafka.clients.consumer.internals.AbstractCoordinator - [Consumer clientId=consumer-testgroup-id-2, groupId=testgroup-id] Join group failed with org.apache.kafka.common.errors.MemberIdRequiredException: The group member needs to have a valid member id before actually entering a consumer group.
[2020-12-31T13:37:27,004+05:30] [org.springframework.kafka.KafkaListenerEndpointContainer#0-0-C-1] INFO org.apache.kafka.clients.consumer.internals.AbstractCoordinator - [Consumer clientId=consumer-testgroup-id-1, groupId=testgroup-id] Join group failed with org.apache.kafka.common.errors.MemberIdRequiredException: The group member needs to have a valid member id before actually entering a consumer group.
[2020-12-31T13:37:27,004+05:30] [org.springframework.kafka.KafkaListenerEndpointContainer#0-1-C-1] INFO org.apache.kafka.clients.consumer.internals.AbstractCoordinator - [Consumer clientId=consumer-testgroup-id-2, groupId=testgroup-id] (Re-)joining group
[2020-12-31T13:37:27,004+05:30] [org.springframework.kafka.KafkaListenerEndpointContainer#0-0-C-1] INFO org.apache.kafka.clients.consumer.internals.AbstractCoordinator - [Consumer clientId=consumer-testgroup-id-1, groupId=testgroup-id] (Re-)joining group
[2020-12-31T13:37:27,008+05:30] [org.springframework.kafka.KafkaListenerEndpointContainer#0-0-C-1] INFO org.apache.kafka.clients.consumer.internals.ConsumerCoordinator - [Consumer clientId=consumer-testgroup-id-1, groupId=testgroup-id] Finished assignment for group at generation 26: {consumer-testgroup-id-1-0dbb9b38-dafe-44b8-8733-d6d6289302fe=Assignment(partitions=[progresstopic-0]), consumer-testgroup-id-2-a90ee0b9-b005-4078-ae3d-8334687f34c1=Assignment(partitions=[progresstopic-1])}
[2020-12-31T13:37:27,014+05:30] [org.springframework.kafka.KafkaListenerEndpointContainer#0-0-C-1] INFO org.apache.kafka.clients.consumer.internals.AbstractCoordinator - [Consumer clientId=consumer-testgroup-id-1, groupId=testgroup-id] Successfully joined group with generation 26
[2020-12-31T13:37:27,014+05:30] [org.springframework.kafka.KafkaListenerEndpointContainer#0-1-C-1] INFO org.apache.kafka.clients.consumer.internals.AbstractCoordinator - [Consumer clientId=consumer-testgroup-id-2, groupId=testgroup-id] Successfully joined group with generation 26
[2020-12-31T13:37:27,015+05:30] [org.springframework.kafka.KafkaListenerEndpointContainer#0-1-C-1] INFO org.apache.kafka.clients.consumer.internals.ConsumerCoordinator - [Consumer clientId=consumer-testgroup-id-2, groupId=testgroup-id] Notifying assignor about the new Assignment(partitions=[progresstopic-1])
[2020-12-31T13:37:27,015+05:30] [org.springframework.kafka.KafkaListenerEndpointContainer#0-0-C-1] INFO org.apache.kafka.clients.consumer.internals.ConsumerCoordinator - [Consumer clientId=consumer-testgroup-id-1, groupId=testgroup-id] Notifying assignor about the new Assignment(partitions=[progresstopic-0])
[2020-12-31T13:37:27,018+05:30] [org.springframework.kafka.KafkaListenerEndpointContainer#0-1-C-1] INFO org.apache.kafka.clients.consumer.internals.ConsumerCoordinator - [Consumer clientId=consumer-testgroup-id-2, groupId=testgroup-id] Adding newly assigned partitions: progresstopic-1
[2020-12-31T13:37:27,018+05:30] [org.springframework.kafka.KafkaListenerEndpointContainer#0-0-C-1] INFO org.apache.kafka.clients.consumer.internals.ConsumerCoordinator - [Consumer clientId=consumer-testgroup-id-1, groupId=testgroup-id] Adding newly assigned partitions: progresstopic-0
[2020-12-31T13:37:27,025+05:30] [org.springframework.kafka.KafkaListenerEndpointContainer#0-1-C-1] INFO org.apache.kafka.clients.consumer.internals.ConsumerCoordinator - [Consumer clientId=consumer-testgroup-id-2, groupId=testgroup-id] Setting offset for partition progresstopic-1 to the committed offset FetchPosition{offset=42, offsetEpoch=Optional.empty, currentLeader=LeaderAndEpoch{leader=Optional[ZSRIL-H27M353:9092 (id: 0 rack: null)], epoch=0}}
[2020-12-31T13:37:27,025+05:30] [org.springframework.kafka.KafkaListenerEndpointContainer#0-0-C-1] INFO org.apache.kafka.clients.consumer.internals.ConsumerCoordinator - [Consumer clientId=consumer-testgroup-id-1, groupId=testgroup-id] Setting offset for partition progresstopic-0 to the committed offset FetchPosition{offset=38, offsetEpoch=Optional.empty, currentLeader=LeaderAndEpoch{leader=Optional[ZSRIL-H27M353:9092 (id: 0 rack: null)], epoch=0}}
[2020-12-31T13:37:27,026+05:30] [org.springframework.kafka.KafkaListenerEndpointContainer#0-0-C-1] INFO org.springframework.kafka.listener.KafkaMessageListenerContainer - testgroup-id: partitions assigned: [progresstopic-0]
[2020-12-31T13:37:27,026+05:30] [org.springframework.kafka.KafkaListenerEndpointContainer#0-1-C-1] INFO org.springframework.kafka.listener.KafkaMessageListenerContainer - testgroup-id: partitions assigned: [progresstopic-1]
[2020-12-31T13:37:27,057+05:30] [restartedMain] INFO com.wiley.resultcontext.SpringDataEnversAuditApplication - Started SpringDataEnversAuditApplication in 4.415 seconds (JVM running for 5.148)
[2020-12-31T13:37:27,456+05:30] [RMI TCP Connection(2)-192.168.1.4] INFO org.apache.catalina.core.ContainerBase.[Tomcat].[localhost].[/] - Initializing Spring DispatcherServlet 'dispatcherServlet'
[2020-12-31T13:37:27,456+05:30] [RMI TCP Connection(2)-192.168.1.4] INFO org.springframework.web.servlet.DispatcherServlet - Initializing Servlet 'dispatcherServlet'
[2020-12-31T13:37:27,457+05:30] [RMI TCP Connection(2)-192.168.1.4] INFO org.springframework.web.servlet.DispatcherServlet - Completed initialization in 1 ms
[2020-12-31T13:39:32,896+05:30] [background-preinit] INFO org.hibernate.validator.internal.util.Version - HV000001: Hibernate Validator 6.1.6.Final
[2020-12-31T13:39:32,898+05:30] [restartedMain] INFO com.wiley.resultcontext.SpringDataEnversAuditApplication - Starting SpringDataEnversAuditApplication using Java 13.0.2 on ZSRIL-H27M353 with PID 19052 (C:\SoftwareDevelopment\EPLAS\TestProjects\spring-data-envers-audit-master\target\classes started by jmaduranga in C:\SoftwareDevelopment\EPLAS\TestProjects\spring-data-envers-audit-master)
[2020-12-31T13:39:32,899+05:30] [restartedMain] INFO com.wiley.resultcontext.SpringDataEnversAuditApplication - No active profile set, falling back to default profiles: default
[2020-12-31T13:39:32,932+05:30] [restartedMain] INFO org.springframework.boot.devtools.env.DevToolsPropertyDefaultsPostProcessor - Devtools property defaults active! Set 'spring.devtools.add-properties' to 'false' to disable
[2020-12-31T13:39:32,933+05:30] [restartedMain] INFO org.springframework.boot.devtools.env.DevToolsPropertyDefaultsPostProcessor - For additional web related logging consider setting the 'logging.level.web' property to 'DEBUG'
[2020-12-31T13:39:33,822+05:30] [restartedMain] INFO org.springframework.data.repository.config.RepositoryConfigurationDelegate - Bootstrapping Spring Data JPA repositories in DEFAULT mode.
[2020-12-31T13:39:33,855+05:30] [restartedMain] INFO org.springframework.data.repository.config.RepositoryConfigurationDelegate - Finished Spring Data repository scanning in 30 ms. Found 3 JPA repository interfaces.
[2020-12-31T13:39:34,475+05:30] [restartedMain] INFO org.ehcache.core.EhcacheManager - Cache 'buckets' created in EhcacheManager.
[2020-12-31T13:39:34,488+05:30] [restartedMain] INFO org.ehcache.jsr107.Eh107CacheManager - Registering Ehcache MBean javax.cache:type=CacheStatistics,CacheManager=file./C./SoftwareDevelopment/EPLAS/TestProjects/spring-data-envers-audit-master/target/classes/ehcache.xml,Cache=buckets
[2020-12-31T13:39:34,514+05:30] [restartedMain] INFO com.giffing.bucket4j.spring.boot.starter.config.servlet.Bucket4JAutoConfigurationServletFilter - create-servlet-filter;1;buckets;/api/.*
[2020-12-31T13:39:34,615+05:30] [restartedMain] INFO org.springframework.boot.web.embedded.tomcat.TomcatWebServer - Tomcat initialized with port(s): 9090 (http)
[2020-12-31T13:39:34,620+05:30] [restartedMain] INFO org.apache.coyote.http11.Http11NioProtocol - Initializing ProtocolHandler ["http-nio-9090"]
[2020-12-31T13:39:34,621+05:30] [restartedMain] INFO org.apache.catalina.core.StandardService - Starting service [Tomcat]
[2020-12-31T13:39:34,621+05:30] [restartedMain] INFO org.apache.catalina.core.StandardEngine - Starting Servlet engine: [Apache Tomcat/9.0.41]
[2020-12-31T13:39:34,683+05:30] [restartedMain] INFO org.apache.catalina.core.ContainerBase.[Tomcat].[localhost].[/] - Initializing Spring embedded WebApplicationContext
[2020-12-31T13:39:34,683+05:30] [restartedMain] INFO org.springframework.boot.web.servlet.context.ServletWebServerApplicationContext - Root WebApplicationContext: initialization completed in 1750 ms
[2020-12-31T13:39:34,761+05:30] [restartedMain] INFO com.zaxxer.hikari.HikariDataSource - HikariPool-1 - Starting...
[2020-12-31T13:39:34,823+05:30] [restartedMain] INFO com.zaxxer.hikari.HikariDataSource - HikariPool-1 - Start completed.
[2020-12-31T13:39:34,827+05:30] [restartedMain] INFO org.springframework.boot.autoconfigure.h2.H2ConsoleAutoConfiguration - H2 console available at '/h2-console'. Database available at 'jdbc:h2:mem:mytestdb'
[2020-12-31T13:39:34,884+05:30] [restartedMain] INFO org.ehcache.jsr107.Eh107CacheManager - Registering Ehcache MBean javax.cache:type=CacheStatistics,CacheManager=file./C./SoftwareDevelopment/EPLAS/TestProjects/spring-data-envers-audit-master/target/classes/ehcache.xml,Cache=buckets
[2020-12-31T13:39:34,923+05:30] [restartedMain] INFO org.hibernate.jpa.internal.util.LogHelper - HHH000204: Processing PersistenceUnitInfo [name: default]
[2020-12-31T13:39:34,954+05:30] [restartedMain] INFO org.hibernate.Version - HHH000412: Hibernate ORM core version 5.4.25.Final
[2020-12-31T13:39:35,014+05:30] [restartedMain] INFO org.hibernate.annotations.common.Version - HCANN000001: Hibernate Commons Annotations {5.1.2.Final}
[2020-12-31T13:39:35,073+05:30] [restartedMain] INFO org.hibernate.dialect.Dialect - HHH000400: Using dialect: org.hibernate.dialect.H2Dialect
[2020-12-31T13:39:35,113+05:30] [restartedMain] INFO org.hibernate.envers.boot.internal.EnversServiceImpl - Envers integration enabled? : true
[2020-12-31T13:39:35,735+05:30] [restartedMain] INFO org.hibernate.engine.transaction.jta.platform.internal.JtaPlatformInitiator - HHH000490: Using JtaPlatform implementation: [org.hibernate.engine.transaction.jta.platform.internal.NoJtaPlatform]
[2020-12-31T13:39:35,739+05:30] [restartedMain] INFO org.springframework.orm.jpa.LocalContainerEntityManagerFactoryBean - Initialized JPA EntityManagerFactory for persistence unit 'default'
[2020-12-31T13:39:35,764+05:30] [restartedMain] INFO org.springframework.boot.devtools.autoconfigure.OptionalLiveReloadServer - LiveReload server is running on port 35729
[2020-12-31T13:39:36,225+05:30] [restartedMain] WARN org.springframework.boot.autoconfigure.orm.jpa.JpaBaseConfiguration$JpaWebConfiguration - spring.jpa.open-in-view is enabled by default. Therefore, database queries may be performed during view rendering. Explicitly configure spring.jpa.open-in-view to disable this warning
[2020-12-31T13:39:36,374+05:30] [restartedMain] INFO org.springframework.boot.actuate.endpoint.web.EndpointLinksResolver - Exposing 2 endpoint(s) beneath base path '/actuator'
[2020-12-31T13:39:36,505+05:30] [restartedMain] INFO org.springframework.scheduling.concurrent.ThreadPoolTaskExecutor - Initializing ExecutorService 'applicationTaskExecutor'
[2020-12-31T13:39:36,771+05:30] [restartedMain] INFO org.apache.kafka.clients.consumer.ConsumerConfig - ConsumerConfig values: 
	allow.auto.create.topics = true
	auto.commit.interval.ms = 5000
	auto.offset.reset = earliest
	bootstrap.servers = [localhost:9092]
	check.crcs = true
	client.dns.lookup = use_all_dns_ips
	client.id = consumer-testgroup-id-1
	client.rack = 
	connections.max.idle.ms = 540000
	default.api.timeout.ms = 60000
	enable.auto.commit = false
	exclude.internal.topics = true
	fetch.max.bytes = 52428800
	fetch.max.wait.ms = 500
	fetch.min.bytes = 1
	group.id = testgroup-id
	group.instance.id = null
	heartbeat.interval.ms = 5000
	interceptor.classes = []
	internal.leave.group.on.close = true
	internal.throw.on.fetch.stable.offset.unsupported = false
	isolation.level = read_uncommitted
	key.deserializer = class org.apache.kafka.common.serialization.StringDeserializer
	max.partition.fetch.bytes = 1048576
	max.poll.interval.ms = 7000
	max.poll.records = 1
	metadata.max.age.ms = 300000
	metric.reporters = []
	metrics.num.samples = 2
	metrics.recording.level = INFO
	metrics.sample.window.ms = 30000
	partition.assignment.strategy = [class org.apache.kafka.clients.consumer.RangeAssignor]
	receive.buffer.bytes = 65536
	reconnect.backoff.max.ms = 1000
	reconnect.backoff.ms = 50
	request.timeout.ms = 30000
	retry.backoff.ms = 100
	sasl.client.callback.handler.class = null
	sasl.jaas.config = null
	sasl.kerberos.kinit.cmd = /usr/bin/kinit
	sasl.kerberos.min.time.before.relogin = 60000
	sasl.kerberos.service.name = null
	sasl.kerberos.ticket.renew.jitter = 0.05
	sasl.kerberos.ticket.renew.window.factor = 0.8
	sasl.login.callback.handler.class = null
	sasl.login.class = null
	sasl.login.refresh.buffer.seconds = 300
	sasl.login.refresh.min.period.seconds = 60
	sasl.login.refresh.window.factor = 0.8
	sasl.login.refresh.window.jitter = 0.05
	sasl.mechanism = GSSAPI
	security.protocol = PLAINTEXT
	security.providers = null
	send.buffer.bytes = 131072
	session.timeout.ms = 15000
	ssl.cipher.suites = null
	ssl.enabled.protocols = [TLSv1.2, TLSv1.3]
	ssl.endpoint.identification.algorithm = https
	ssl.engine.factory.class = null
	ssl.key.password = null
	ssl.keymanager.algorithm = SunX509
	ssl.keystore.location = null
	ssl.keystore.password = null
	ssl.keystore.type = JKS
	ssl.protocol = TLSv1.3
	ssl.provider = null
	ssl.secure.random.implementation = null
	ssl.trustmanager.algorithm = PKIX
	ssl.truststore.location = null
	ssl.truststore.password = null
	ssl.truststore.type = JKS
	value.deserializer = class org.springframework.kafka.support.serializer.JsonDeserializer

[2020-12-31T13:39:36,948+05:30] [restartedMain] INFO org.apache.kafka.common.utils.AppInfoParser - Kafka version: 2.6.0
[2020-12-31T13:39:36,948+05:30] [restartedMain] INFO org.apache.kafka.common.utils.AppInfoParser - Kafka commitId: 62abe01bee039651
[2020-12-31T13:39:36,948+05:30] [restartedMain] INFO org.apache.kafka.common.utils.AppInfoParser - Kafka startTimeMs: 1609402176947
[2020-12-31T13:39:36,950+05:30] [restartedMain] INFO org.apache.kafka.clients.consumer.KafkaConsumer - [Consumer clientId=consumer-testgroup-id-1, groupId=testgroup-id] Subscribed to topic(s): progresstopic
[2020-12-31T13:39:36,953+05:30] [restartedMain] INFO org.springframework.scheduling.concurrent.ThreadPoolTaskScheduler - Initializing ExecutorService
[2020-12-31T13:39:36,957+05:30] [restartedMain] INFO org.apache.kafka.clients.consumer.ConsumerConfig - ConsumerConfig values: 
	allow.auto.create.topics = true
	auto.commit.interval.ms = 5000
	auto.offset.reset = earliest
	bootstrap.servers = [localhost:9092]
	check.crcs = true
	client.dns.lookup = use_all_dns_ips
	client.id = consumer-testgroup-id-2
	client.rack = 
	connections.max.idle.ms = 540000
	default.api.timeout.ms = 60000
	enable.auto.commit = false
	exclude.internal.topics = true
	fetch.max.bytes = 52428800
	fetch.max.wait.ms = 500
	fetch.min.bytes = 1
	group.id = testgroup-id
	group.instance.id = null
	heartbeat.interval.ms = 5000
	interceptor.classes = []
	internal.leave.group.on.close = true
	internal.throw.on.fetch.stable.offset.unsupported = false
	isolation.level = read_uncommitted
	key.deserializer = class org.apache.kafka.common.serialization.StringDeserializer
	max.partition.fetch.bytes = 1048576
	max.poll.interval.ms = 7000
	max.poll.records = 1
	metadata.max.age.ms = 300000
	metric.reporters = []
	metrics.num.samples = 2
	metrics.recording.level = INFO
	metrics.sample.window.ms = 30000
	partition.assignment.strategy = [class org.apache.kafka.clients.consumer.RangeAssignor]
	receive.buffer.bytes = 65536
	reconnect.backoff.max.ms = 1000
	reconnect.backoff.ms = 50
	request.timeout.ms = 30000
	retry.backoff.ms = 100
	sasl.client.callback.handler.class = null
	sasl.jaas.config = null
	sasl.kerberos.kinit.cmd = /usr/bin/kinit
	sasl.kerberos.min.time.before.relogin = 60000
	sasl.kerberos.service.name = null
	sasl.kerberos.ticket.renew.jitter = 0.05
	sasl.kerberos.ticket.renew.window.factor = 0.8
	sasl.login.callback.handler.class = null
	sasl.login.class = null
	sasl.login.refresh.buffer.seconds = 300
	sasl.login.refresh.min.period.seconds = 60
	sasl.login.refresh.window.factor = 0.8
	sasl.login.refresh.window.jitter = 0.05
	sasl.mechanism = GSSAPI
	security.protocol = PLAINTEXT
	security.providers = null
	send.buffer.bytes = 131072
	session.timeout.ms = 15000
	ssl.cipher.suites = null
	ssl.enabled.protocols = [TLSv1.2, TLSv1.3]
	ssl.endpoint.identification.algorithm = https
	ssl.engine.factory.class = null
	ssl.key.password = null
	ssl.keymanager.algorithm = SunX509
	ssl.keystore.location = null
	ssl.keystore.password = null
	ssl.keystore.type = JKS
	ssl.protocol = TLSv1.3
	ssl.provider = null
	ssl.secure.random.implementation = null
	ssl.trustmanager.algorithm = PKIX
	ssl.truststore.location = null
	ssl.truststore.password = null
	ssl.truststore.type = JKS
	value.deserializer = class org.springframework.kafka.support.serializer.JsonDeserializer

[2020-12-31T13:39:36,965+05:30] [restartedMain] INFO org.apache.kafka.common.utils.AppInfoParser - Kafka version: 2.6.0
[2020-12-31T13:39:36,965+05:30] [restartedMain] INFO org.apache.kafka.common.utils.AppInfoParser - Kafka commitId: 62abe01bee039651
[2020-12-31T13:39:36,965+05:30] [restartedMain] INFO org.apache.kafka.common.utils.AppInfoParser - Kafka startTimeMs: 1609402176965
[2020-12-31T13:39:36,966+05:30] [restartedMain] INFO org.apache.kafka.clients.consumer.KafkaConsumer - [Consumer clientId=consumer-testgroup-id-2, groupId=testgroup-id] Subscribed to topic(s): progresstopic
[2020-12-31T13:39:36,966+05:30] [restartedMain] INFO org.springframework.scheduling.concurrent.ThreadPoolTaskScheduler - Initializing ExecutorService
[2020-12-31T13:39:36,967+05:30] [restartedMain] INFO org.apache.coyote.http11.Http11NioProtocol - Starting ProtocolHandler ["http-nio-9090"]
[2020-12-31T13:39:36,974+05:30] [restartedMain] INFO org.springframework.boot.web.embedded.tomcat.TomcatWebServer - Tomcat started on port(s): 9090 (http) with context path ''
[2020-12-31T13:39:37,122+05:30] [org.springframework.kafka.KafkaListenerEndpointContainer#0-1-C-1] INFO org.apache.kafka.clients.Metadata - [Consumer clientId=consumer-testgroup-id-2, groupId=testgroup-id] Cluster ID: WmUFSUPWRNq1U1h9v9p-3A
[2020-12-31T13:39:37,122+05:30] [org.springframework.kafka.KafkaListenerEndpointContainer#0-0-C-1] INFO org.apache.kafka.clients.Metadata - [Consumer clientId=consumer-testgroup-id-1, groupId=testgroup-id] Cluster ID: WmUFSUPWRNq1U1h9v9p-3A
[2020-12-31T13:39:37,123+05:30] [org.springframework.kafka.KafkaListenerEndpointContainer#0-1-C-1] INFO org.apache.kafka.clients.consumer.internals.AbstractCoordinator - [Consumer clientId=consumer-testgroup-id-2, groupId=testgroup-id] Discovered group coordinator ZSRIL-H27M353:9092 (id: 2147483647 rack: null)
[2020-12-31T13:39:37,123+05:30] [org.springframework.kafka.KafkaListenerEndpointContainer#0-0-C-1] INFO org.apache.kafka.clients.consumer.internals.AbstractCoordinator - [Consumer clientId=consumer-testgroup-id-1, groupId=testgroup-id] Discovered group coordinator ZSRIL-H27M353:9092 (id: 2147483647 rack: null)
[2020-12-31T13:39:37,125+05:30] [org.springframework.kafka.KafkaListenerEndpointContainer#0-1-C-1] INFO org.apache.kafka.clients.consumer.internals.AbstractCoordinator - [Consumer clientId=consumer-testgroup-id-2, groupId=testgroup-id] (Re-)joining group
[2020-12-31T13:39:37,125+05:30] [org.springframework.kafka.KafkaListenerEndpointContainer#0-0-C-1] INFO org.apache.kafka.clients.consumer.internals.AbstractCoordinator - [Consumer clientId=consumer-testgroup-id-1, groupId=testgroup-id] (Re-)joining group
[2020-12-31T13:39:37,134+05:30] [org.springframework.kafka.KafkaListenerEndpointContainer#0-1-C-1] INFO org.apache.kafka.clients.consumer.internals.AbstractCoordinator - [Consumer clientId=consumer-testgroup-id-2, groupId=testgroup-id] Join group failed with org.apache.kafka.common.errors.MemberIdRequiredException: The group member needs to have a valid member id before actually entering a consumer group.
[2020-12-31T13:39:37,134+05:30] [org.springframework.kafka.KafkaListenerEndpointContainer#0-0-C-1] INFO org.apache.kafka.clients.consumer.internals.AbstractCoordinator - [Consumer clientId=consumer-testgroup-id-1, groupId=testgroup-id] Join group failed with org.apache.kafka.common.errors.MemberIdRequiredException: The group member needs to have a valid member id before actually entering a consumer group.
[2020-12-31T13:39:37,134+05:30] [org.springframework.kafka.KafkaListenerEndpointContainer#0-1-C-1] INFO org.apache.kafka.clients.consumer.internals.AbstractCoordinator - [Consumer clientId=consumer-testgroup-id-2, groupId=testgroup-id] (Re-)joining group
[2020-12-31T13:39:37,134+05:30] [org.springframework.kafka.KafkaListenerEndpointContainer#0-0-C-1] INFO org.apache.kafka.clients.consumer.internals.AbstractCoordinator - [Consumer clientId=consumer-testgroup-id-1, groupId=testgroup-id] (Re-)joining group
[2020-12-31T13:39:37,139+05:30] [org.springframework.kafka.KafkaListenerEndpointContainer#0-0-C-1] INFO org.apache.kafka.clients.consumer.internals.ConsumerCoordinator - [Consumer clientId=consumer-testgroup-id-1, groupId=testgroup-id] Finished assignment for group at generation 28: {consumer-testgroup-id-1-4d06932a-329b-4e7c-a98d-19704d4db54c=Assignment(partitions=[progresstopic-0]), consumer-testgroup-id-2-b621f623-d508-412a-9cf9-9828725e1be9=Assignment(partitions=[progresstopic-1])}
[2020-12-31T13:39:37,141+05:30] [org.springframework.kafka.KafkaListenerEndpointContainer#0-0-C-1] INFO org.apache.kafka.clients.consumer.internals.AbstractCoordinator - [Consumer clientId=consumer-testgroup-id-1, groupId=testgroup-id] Successfully joined group with generation 28
[2020-12-31T13:39:37,141+05:30] [org.springframework.kafka.KafkaListenerEndpointContainer#0-1-C-1] INFO org.apache.kafka.clients.consumer.internals.AbstractCoordinator - [Consumer clientId=consumer-testgroup-id-2, groupId=testgroup-id] Successfully joined group with generation 28
[2020-12-31T13:39:37,142+05:30] [org.springframework.kafka.KafkaListenerEndpointContainer#0-0-C-1] INFO org.apache.kafka.clients.consumer.internals.ConsumerCoordinator - [Consumer clientId=consumer-testgroup-id-1, groupId=testgroup-id] Notifying assignor about the new Assignment(partitions=[progresstopic-0])
[2020-12-31T13:39:37,142+05:30] [org.springframework.kafka.KafkaListenerEndpointContainer#0-1-C-1] INFO org.apache.kafka.clients.consumer.internals.ConsumerCoordinator - [Consumer clientId=consumer-testgroup-id-2, groupId=testgroup-id] Notifying assignor about the new Assignment(partitions=[progresstopic-1])
[2020-12-31T13:39:37,145+05:30] [org.springframework.kafka.KafkaListenerEndpointContainer#0-1-C-1] INFO org.apache.kafka.clients.consumer.internals.ConsumerCoordinator - [Consumer clientId=consumer-testgroup-id-2, groupId=testgroup-id] Adding newly assigned partitions: progresstopic-1
[2020-12-31T13:39:37,145+05:30] [org.springframework.kafka.KafkaListenerEndpointContainer#0-0-C-1] INFO org.apache.kafka.clients.consumer.internals.ConsumerCoordinator - [Consumer clientId=consumer-testgroup-id-1, groupId=testgroup-id] Adding newly assigned partitions: progresstopic-0
[2020-12-31T13:39:37,152+05:30] [org.springframework.kafka.KafkaListenerEndpointContainer#0-1-C-1] INFO org.apache.kafka.clients.consumer.internals.ConsumerCoordinator - [Consumer clientId=consumer-testgroup-id-2, groupId=testgroup-id] Setting offset for partition progresstopic-1 to the committed offset FetchPosition{offset=42, offsetEpoch=Optional.empty, currentLeader=LeaderAndEpoch{leader=Optional[ZSRIL-H27M353:9092 (id: 0 rack: null)], epoch=0}}
[2020-12-31T13:39:37,152+05:30] [org.springframework.kafka.KafkaListenerEndpointContainer#0-0-C-1] INFO org.apache.kafka.clients.consumer.internals.ConsumerCoordinator - [Consumer clientId=consumer-testgroup-id-1, groupId=testgroup-id] Setting offset for partition progresstopic-0 to the committed offset FetchPosition{offset=38, offsetEpoch=Optional.empty, currentLeader=LeaderAndEpoch{leader=Optional[ZSRIL-H27M353:9092 (id: 0 rack: null)], epoch=0}}
[2020-12-31T13:39:37,153+05:30] [org.springframework.kafka.KafkaListenerEndpointContainer#0-0-C-1] INFO org.springframework.kafka.listener.KafkaMessageListenerContainer - testgroup-id: partitions assigned: [progresstopic-0]
[2020-12-31T13:39:37,153+05:30] [org.springframework.kafka.KafkaListenerEndpointContainer#0-1-C-1] INFO org.springframework.kafka.listener.KafkaMessageListenerContainer - testgroup-id: partitions assigned: [progresstopic-1]
[2020-12-31T13:39:37,189+05:30] [restartedMain] INFO com.wiley.resultcontext.SpringDataEnversAuditApplication - Started SpringDataEnversAuditApplication in 4.544 seconds (JVM running for 5.294)
[2020-12-31T13:39:37,490+05:30] [RMI TCP Connection(2)-192.168.1.4] INFO org.apache.catalina.core.ContainerBase.[Tomcat].[localhost].[/] - Initializing Spring DispatcherServlet 'dispatcherServlet'
[2020-12-31T13:39:37,491+05:30] [RMI TCP Connection(2)-192.168.1.4] INFO org.springframework.web.servlet.DispatcherServlet - Initializing Servlet 'dispatcherServlet'
[2020-12-31T13:39:37,492+05:30] [RMI TCP Connection(2)-192.168.1.4] INFO org.springframework.web.servlet.DispatcherServlet - Completed initialization in 1 ms
